# JRE version: Java(TM) SE Runtime Environment (22.0.1+8) (build 22.0.1+8-16)
# Java VM: Java HotSpot(TM) 64-Bit Server VM (22.0.1+8-16, mixed mode, sharing, tiered, compressed oops, compressed class ptrs, g1 gc, windows-amd64)
GC Precious Log:
 CardTable entry size: 512
 Card Set container configuration: InlinePtr #cards 5 size 8 Array Of Cards #cards 12 size 40 Howl #buckets 4 coarsen threshold 1843 Howl Bitmap #cards 512 size 80 coarsen threshold 460 Card regions per heap region 1 cards per card region 2048
 CPUs: 8 total, 8 available
 Memory: 5996M
 Large Page Support: Disabled
 NUMA Support: Disabled
 Compressed Oops: Enabled (32-bit)
 Heap Region Size: 1M
 Heap Min Capacity: 8M
 Heap Initial Capacity: 94M
 Heap Max Capacity: 1500M
 Pre-touch: Disabled
 Parallel Workers: 8
 Concurrent Workers: 2
 Concurrent Refinement Workers: 8
 Periodic GC: Disabled
Heap:
 garbage-first heap   total reserved 1536000K, committed 329728K, used 41104K [0x00000000a2400000, 0x0000000100000000)
  region size 1024K, 1 young (1024K), 1 survivors (1024K)
 Metaspace       used 85590K, committed 86464K, reserved 1179648K
  class space    used 11468K, committed 11840K, reserved 1048576K
GC Heap History (20 events):
Event: 842.874 GC heap after
{Heap after GC invocations=139 (full 0):
 garbage-first heap   total reserved 1536000K, committed 143360K, used 41088K [0x00000000a2400000, 0x0000000100000000)
  region size 1024K, 1 young (1024K), 1 survivors (1024K)
 Metaspace       used 85587K, committed 86464K, reserved 1179648K
  class space    used 11468K, committed 11840K, reserved 1048576K
}
Event: 843.731 GC heap before
{Heap before GC invocations=140 (full 0):
 garbage-first heap   total reserved 1536000K, committed 143360K, used 126080K [0x00000000a2400000, 0x0000000100000000)
  region size 1024K, 84 young (86016K), 1 survivors (1024K)
 Metaspace       used 85587K, committed 86464K, reserved 1179648K
  class space    used 11468K, committed 11840K, reserved 1048576K
}
Event: 843.877 GC heap after
{Heap after GC invocations=141 (full 0):
 garbage-first heap   total reserved 1536000K, committed 143360K, used 41088K [0x00000000a2400000, 0x0000000100000000)
  region size 1024K, 1 young (1024K), 1 survivors (1024K)
 Metaspace       used 85587K, committed 86464K, reserved 1179648K
  class space    used 11468K, committed 11840K, reserved 1048576K
}
Event: 844.838 GC heap before
{Heap before GC invocations=141 (full 0):
 garbage-first heap   total reserved 1536000K, committed 143360K, used 126080K [0x00000000a2400000, 0x0000000100000000)
  region size 1024K, 84 young (86016K), 1 survivors (1024K)
 Metaspace       used 85587K, committed 86464K, reserved 1179648K
  class space    used 11468K, committed 11840K, reserved 1048576K
}
Event: 844.946 GC heap after
{Heap after GC invocations=142 (full 0):
 garbage-first heap   total reserved 1536000K, committed 143360K, used 41080K [0x00000000a2400000, 0x0000000100000000)
  region size 1024K, 1 young (1024K), 1 survivors (1024K)
 Metaspace       used 85587K, committed 86464K, reserved 1179648K
  class space    used 11468K, committed 11840K, reserved 1048576K
}
Event: 848.451 GC heap before
{Heap before GC invocations=142 (full 0):
 garbage-first heap   total reserved 1536000K, committed 143360K, used 126072K [0x00000000a2400000, 0x0000000100000000)
  region size 1024K, 84 young (86016K), 1 survivors (1024K)
 Metaspace       used 85587K, committed 86464K, reserved 1179648K
  class space    used 11468K, committed 11840K, reserved 1048576K
}
Event: 848.673 GC heap after
{Heap after GC invocations=143 (full 0):
 garbage-first heap   total reserved 1536000K, committed 294912K, used 41093K [0x00000000a2400000, 0x0000000100000000)
  region size 1024K, 1 young (1024K), 1 survivors (1024K)
 Metaspace       used 85587K, committed 86464K, reserved 1179648K
  class space    used 11468K, committed 11840K, reserved 1048576K
}
Event: 849.731 GC heap before
{Heap before GC invocations=144 (full 0):
 garbage-first heap   total reserved 1536000K, committed 143360K, used 126085K [0x00000000a2400000, 0x0000000100000000)
  region size 1024K, 84 young (86016K), 1 survivors (1024K)
 Metaspace       used 85587K, committed 86464K, reserved 1179648K
  class space    used 11468K, committed 11840K, reserved 1048576K
}
Event: 849.803 GC heap after
{Heap after GC invocations=145 (full 0):
 garbage-first heap   total reserved 1536000K, committed 143360K, used 41074K [0x00000000a2400000, 0x0000000100000000)
  region size 1024K, 1 young (1024K), 1 survivors (1024K)
 Metaspace       used 85587K, committed 86464K, reserved 1179648K
  class space    used 11468K, committed 11840K, reserved 1048576K
}
Event: 850.116 GC heap before
{Heap before GC invocations=145 (full 0):
 garbage-first heap   total reserved 1536000K, committed 143360K, used 126066K [0x00000000a2400000, 0x0000000100000000)
  region size 1024K, 84 young (86016K), 1 survivors (1024K)
 Metaspace       used 85587K, committed 86464K, reserved 1179648K
  class space    used 11468K, committed 11840K, reserved 1048576K
}
Event: 850.147 GC heap after
{Heap after GC invocations=146 (full 0):
 garbage-first heap   total reserved 1536000K, committed 143360K, used 41074K [0x00000000a2400000, 0x0000000100000000)
  region size 1024K, 1 young (1024K), 1 survivors (1024K)
 Metaspace       used 85587K, committed 86464K, reserved 1179648K
  class space    used 11468K, committed 11840K, reserved 1048576K
}
Event: 850.551 GC heap before
{Heap before GC invocations=146 (full 0):
 garbage-first heap   total reserved 1536000K, committed 143360K, used 126066K [0x00000000a2400000, 0x0000000100000000)
  region size 1024K, 84 young (86016K), 1 survivors (1024K)
 Metaspace       used 85587K, committed 86464K, reserved 1179648K
  class space    used 11468K, committed 11840K, reserved 1048576K
}
Event: 850.581 GC heap after
{Heap after GC invocations=147 (full 0):
 garbage-first heap   total reserved 1536000K, committed 143360K, used 41076K [0x00000000a2400000, 0x0000000100000000)
  region size 1024K, 1 young (1024K), 1 survivors (1024K)
 Metaspace       used 85587K, committed 86464K, reserved 1179648K
  class space    used 11468K, committed 11840K, reserved 1048576K
}
Event: 851.046 GC heap before
{Heap before GC invocations=148 (full 0):
 garbage-first heap   total reserved 1536000K, committed 143360K, used 126068K [0x00000000a2400000, 0x0000000100000000)
  region size 1024K, 84 young (86016K), 1 survivors (1024K)
 Metaspace       used 85587K, committed 86464K, reserved 1179648K
  class space    used 11468K, committed 11840K, reserved 1048576K
}
Event: 851.113 GC heap after
{Heap after GC invocations=149 (full 0):
 garbage-first heap   total reserved 1536000K, committed 143360K, used 41091K [0x00000000a2400000, 0x0000000100000000)
  region size 1024K, 1 young (1024K), 1 survivors (1024K)
 Metaspace       used 85587K, committed 86464K, reserved 1179648K
  class space    used 11468K, committed 11840K, reserved 1048576K
}
Event: 855.396 GC heap before
{Heap before GC invocations=149 (full 0):
 garbage-first heap   total reserved 1536000K, committed 143360K, used 126083K [0x00000000a2400000, 0x0000000100000000)
  region size 1024K, 84 young (86016K), 1 survivors (1024K)
 Metaspace       used 85590K, committed 86464K, reserved 1179648K
  class space    used 11468K, committed 11840K, reserved 1048576K
}
Event: 855.465 GC heap after
{Heap after GC invocations=150 (full 0):
 garbage-first heap   total reserved 1536000K, committed 143360K, used 41104K [0x00000000a2400000, 0x0000000100000000)
  region size 1024K, 1 young (1024K), 1 survivors (1024K)
 Metaspace       used 85590K, committed 86464K, reserved 1179648K
  class space    used 11468K, committed 11840K, reserved 1048576K
}
Event: 855.870 GC heap before
{Heap before GC invocations=150 (full 0):
 garbage-first heap   total reserved 1536000K, committed 143360K, used 126096K [0x00000000a2400000, 0x0000000100000000)
  region size 1024K, 84 young (86016K), 1 survivors (1024K)
 Metaspace       used 85590K, committed 86464K, reserved 1179648K
  class space    used 11468K, committed 11840K, reserved 1048576K
}
Event: 856.051 GC heap after
{Heap after GC invocations=151 (full 0):
 garbage-first heap   total reserved 1536000K, committed 143360K, used 41104K [0x00000000a2400000, 0x0000000100000000)
  region size 1024K, 1 young (1024K), 1 survivors (1024K)
 Metaspace       used 85590K, committed 86464K, reserved 1179648K
  class space    used 11468K, committed 11840K, reserved 1048576K
}
Event: 856.559 GC heap before
{Heap before GC invocations=151 (full 0):
 garbage-first heap   total reserved 1536000K, committed 143360K, used 126096K [0x00000000a2400000, 0x0000000100000000)
  region size 1024K, 84 young (86016K), 1 survivors (1024K)
 Metaspace       used 85590K, committed 86464K, reserved 1179648K
  class space    used 11468K, committed 11840K, reserved 1048576K
}

